<?xml version="1.0" encoding="UTF-8"?>
<testsuite xmlns:xsi="http://www.w3.org/2001/XMLSchema-instance" xsi:noNamespaceSchemaLocation="https://maven.apache.org/surefire/maven-surefire-plugin/xsd/surefire-test-report.xsd" name="org.example.CalcTest" time="0.022" tests="2" errors="0" skipped="0" failures="1">
  <properties>
    <property name="java.specification.version" value="19"/>
    <property name="sun.cpu.isalist" value="amd64"/>
    <property name="sun.jnu.encoding" value="GBK"/>
    <property name="java.class.path" value="C:\Users\wxl\Desktop\tutorial4\target\test-classes;C:\Users\wxl\Desktop\tutorial4\target\classes;E:\maven\apache-maven-3.9.4-bin\apache-maven-3.9.4\mvn-repo\org\junit\jupiter\junit-jupiter-engine\5.4.0\junit-jupiter-engine-5.4.0.jar;E:\maven\apache-maven-3.9.4-bin\apache-maven-3.9.4\mvn-repo\org\apiguardian\apiguardian-api\1.0.0\apiguardian-api-1.0.0.jar;E:\maven\apache-maven-3.9.4-bin\apache-maven-3.9.4\mvn-repo\org\junit\platform\junit-platform-engine\1.4.0\junit-platform-engine-1.4.0.jar;E:\maven\apache-maven-3.9.4-bin\apache-maven-3.9.4\mvn-repo\org\opentest4j\opentest4j\1.1.1\opentest4j-1.1.1.jar;E:\maven\apache-maven-3.9.4-bin\apache-maven-3.9.4\mvn-repo\org\junit\platform\junit-platform-commons\1.4.0\junit-platform-commons-1.4.0.jar;E:\maven\apache-maven-3.9.4-bin\apache-maven-3.9.4\mvn-repo\org\junit\jupiter\junit-jupiter-api\5.4.0\junit-jupiter-api-5.4.0.jar;E:\maven\apache-maven-3.9.4-bin\apache-maven-3.9.4\mvn-repo\org\junit\jupiter\junit-jupiter\5.10.0\junit-jupiter-5.10.0.jar;E:\maven\apache-maven-3.9.4-bin\apache-maven-3.9.4\mvn-repo\org\junit\jupiter\junit-jupiter-params\5.10.0\junit-jupiter-params-5.10.0.jar;"/>
    <property name="java.vm.vendor" value="Oracle Corporation"/>
    <property name="sun.arch.data.model" value="64"/>
    <property name="user.variant" value=""/>
    <property name="java.vendor.url" value="https://java.oracle.com/"/>
    <property name="user.timezone" value="Asia/Shanghai"/>
    <property name="os.name" value="Windows 11"/>
    <property name="java.vm.specification.version" value="19"/>
    <property name="sun.java.launcher" value="SUN_STANDARD"/>
    <property name="user.country" value="CN"/>
    <property name="sun.boot.library.path" value="D:\java\jdk-19\bin"/>
    <property name="sun.java.command" value="C:\Users\wxl\AppData\Local\Temp\surefire17635828162152996226\surefirebooter11990215275616704968.jar C:\Users\wxl\AppData\Local\Temp\surefire17635828162152996226 2023-10-06T12-24-40_695-jvmRun1 surefire12591958899470514510tmp surefire_010591303801610103259tmp"/>
    <property name="jdk.debug" value="release"/>
    <property name="surefire.test.class.path" value="C:\Users\wxl\Desktop\tutorial4\target\test-classes;C:\Users\wxl\Desktop\tutorial4\target\classes;E:\maven\apache-maven-3.9.4-bin\apache-maven-3.9.4\mvn-repo\org\junit\jupiter\junit-jupiter-engine\5.4.0\junit-jupiter-engine-5.4.0.jar;E:\maven\apache-maven-3.9.4-bin\apache-maven-3.9.4\mvn-repo\org\apiguardian\apiguardian-api\1.0.0\apiguardian-api-1.0.0.jar;E:\maven\apache-maven-3.9.4-bin\apache-maven-3.9.4\mvn-repo\org\junit\platform\junit-platform-engine\1.4.0\junit-platform-engine-1.4.0.jar;E:\maven\apache-maven-3.9.4-bin\apache-maven-3.9.4\mvn-repo\org\opentest4j\opentest4j\1.1.1\opentest4j-1.1.1.jar;E:\maven\apache-maven-3.9.4-bin\apache-maven-3.9.4\mvn-repo\org\junit\platform\junit-platform-commons\1.4.0\junit-platform-commons-1.4.0.jar;E:\maven\apache-maven-3.9.4-bin\apache-maven-3.9.4\mvn-repo\org\junit\jupiter\junit-jupiter-api\5.4.0\junit-jupiter-api-5.4.0.jar;E:\maven\apache-maven-3.9.4-bin\apache-maven-3.9.4\mvn-repo\org\junit\jupiter\junit-jupiter\5.10.0\junit-jupiter-5.10.0.jar;E:\maven\apache-maven-3.9.4-bin\apache-maven-3.9.4\mvn-repo\org\junit\jupiter\junit-jupiter-params\5.10.0\junit-jupiter-params-5.10.0.jar;"/>
    <property name="sun.cpu.endian" value="little"/>
    <property name="user.home" value="C:\Users\wxl"/>
    <property name="user.language" value="zh"/>
    <property name="java.specification.vendor" value="Oracle Corporation"/>
    <property name="java.version.date" value="2023-01-17"/>
    <property name="java.home" value="D:\java\jdk-19"/>
    <property name="file.separator" value="\"/>
    <property name="basedir" value="C:\Users\wxl\Desktop\tutorial4"/>
    <property name="java.vm.compressedOopsMode" value="Zero based"/>
    <property name="line.separator" value="&#10;"/>
    <property name="java.vm.specification.vendor" value="Oracle Corporation"/>
    <property name="java.specification.name" value="Java Platform API Specification"/>
    <property name="surefire.real.class.path" value="C:\Users\wxl\AppData\Local\Temp\surefire17635828162152996226\surefirebooter11990215275616704968.jar"/>
    <property name="user.script" value=""/>
    <property name="sun.management.compiler" value="HotSpot 64-Bit Tiered Compilers"/>
    <property name="java.runtime.version" value="19.0.2+7-44"/>
    <property name="user.name" value="wxl"/>
    <property name="stdout.encoding" value="GBK"/>
    <property name="path.separator" value=";"/>
    <property name="os.version" value="10.0"/>
    <property name="java.runtime.name" value="Java(TM) SE Runtime Environment"/>
    <property name="file.encoding" value="UTF-8"/>
    <property name="java.vm.name" value="Java HotSpot(TM) 64-Bit Server VM"/>
    <property name="localRepository" value="E:\maven\apache-maven-3.9.4-bin\apache-maven-3.9.4\mvn-repo"/>
    <property name="java.vendor.url.bug" value="https://bugreport.java.com/bugreport/"/>
    <property name="java.io.tmpdir" value="C:\Users\wxl\AppData\Local\Temp\"/>
    <property name="java.version" value="19.0.2"/>
    <property name="user.dir" value="C:\Users\wxl\Desktop\tutorial4"/>
    <property name="os.arch" value="amd64"/>
    <property name="java.vm.specification.name" value="Java Virtual Machine Specification"/>
    <property name="sun.os.patch.level" value=""/>
    <property name="native.encoding" value="GBK"/>
    <property name="java.library.path" value="D:\java\jdk-19\bin;C:\WINDOWS\Sun\Java\bin;C:\WINDOWS\system32;C:\WINDOWS;C:\Users\wxl\bin;E:\git\Git\mingw64\bin;E:\git\Git\usr\local\bin;E:\git\Git\usr\bin;E:\git\Git\usr\bin;E:\git\Git\mingw64\bin;E:\git\Git\usr\bin;C:\Users\wxl\bin;D:\java\jdk-19\bin;C:\Program Files\Common Files\Oracle\Java\javapath;C:\Windows\system32;C:\Windows;C:\Windows\System32\Wbem;C:\Windows\System32\WindowsPowerShell\v1.0;C:\Windows\System32\OpenSSH;C:\Program Files (x86)\NVIDIA Corporation\PhysX\Common;C:\Program Files\NVIDIA Corporation\NVIDIA NvDLISR;E:\git\Git\cmd;C:\WINDOWS\system32;C:\WINDOWS;C:\WINDOWS\System32\Wbem;C:\WINDOWS\System32\WindowsPowerShell\v1.0;C:\WINDOWS\System32\OpenSSH;C:\Users\wxl\AppData\Local\Microsoft\WindowsApps;D:\clion\mingw64\bin;D:\java\IDEA\IntelliJ IDEA 2022.3.2\bin;D:\vscode\Microsoft VS Code\bin;E:\maven\apache-maven-3.9.4-bin\apache-maven-3.9.4\bin;E:\git\Git\usr\bin\vendor_perl;E:\git\Git\usr\bin\core_perl;."/>
    <property name="java.vm.info" value="mixed mode, sharing"/>
    <property name="stderr.encoding" value="GBK"/>
    <property name="java.vendor" value="Oracle Corporation"/>
    <property name="java.vm.version" value="19.0.2+7-44"/>
    <property name="sun.io.unicode.encoding" value="UnicodeLittle"/>
    <property name="java.class.version" value="63.0"/>
  </properties>
  <testcase name="testAddition" classname="org.example.CalcTest" time="0.01"/>
  <testcase name="testSubtraction" classname="org.example.CalcTest" time="0.007">
    <failure message="expected: &lt;2&gt; but was: &lt;8&gt;" type="org.opentest4j.AssertionFailedError"><![CDATA[org.opentest4j.AssertionFailedError: expected: <2> but was: <8>
	at org.example.CalcTest.testSubtraction(CalcTest.java:14)
]]></failure>
  </testcase>
</testsuite>